<?xml version="1.0" encoding="UTF-8" ?>
<testsuites name="vitest tests" tests="80" failures="0" errors="0" time="1.708">
    <testsuite name="src/app/__tests__/pages.test.tsx" timestamp="2025-12-23T14:30:23.738Z" hostname="Daniels-MacBook-Air.local" tests="8" failures="0" errors="0" skipped="0" time="0.109855709">
        <testcase classname="src/app/__tests__/pages.test.tsx" name="App Router pages &gt; renders the home page with navigation links" time="0.061190875">
        </testcase>
        <testcase classname="src/app/__tests__/pages.test.tsx" name="App Router pages &gt; renders the login page and redirects if already authed" time="0.0067895">
        </testcase>
        <testcase classname="src/app/__tests__/pages.test.tsx" name="App Router pages &gt; renders the registration page" time="0.005337084">
        </testcase>
        <testcase classname="src/app/__tests__/pages.test.tsx" name="App Router pages &gt; renders the forgot-password page" time="0.005441833">
        </testcase>
        <testcase classname="src/app/__tests__/pages.test.tsx" name="App Router pages &gt; renders the reset-password page" time="0.007381208">
        </testcase>
        <testcase classname="src/app/__tests__/pages.test.tsx" name="App Router pages &gt; renders the topics page shell" time="0.008102667">
        </testcase>
        <testcase classname="src/app/__tests__/pages.test.tsx" name="App Router pages &gt; renders the topic facts page with data" time="0.013618625">
        </testcase>
        <testcase classname="src/app/__tests__/pages.test.tsx" name="App Router pages &gt; returns notFound when facts or meta missing" time="0.001007">
        </testcase>
    </testsuite>
    <testsuite name="src/app/components/__tests__/components.test.tsx" timestamp="2025-12-23T14:30:23.739Z" hostname="Daniels-MacBook-Air.local" tests="17" failures="0" errors="0" skipped="0" time="0.200656791">
        <testcase classname="src/app/components/__tests__/components.test.tsx" name="AddNewArgumentComponent &gt; opens form, submits text, and triggers router" time="0.082414083">
        </testcase>
        <testcase classname="src/app/components/__tests__/components.test.tsx" name="AddNewCommentComponent &gt; posts a reply and refreshes" time="0.013727834">
        </testcase>
        <testcase classname="src/app/components/__tests__/components.test.tsx" name="ArgumentCard &gt; renders argument content and comments" time="0.01013725">
        </testcase>
        <testcase classname="src/app/components/__tests__/components.test.tsx" name="UI atoms &gt; renders ontology badges" time="0.001436542">
        </testcase>
        <testcase classname="src/app/components/__tests__/components.test.tsx" name="UI atoms &gt; renders search loading spinner" time="0.002458125">
        </testcase>
        <testcase classname="src/app/components/__tests__/components.test.tsx" name="UI atoms &gt; renders interactive card as link" time="0.003019125">
        </testcase>
        <testcase classname="src/app/components/__tests__/components.test.tsx" name="Topic filters &gt; submits search criteria" time="0.007864875">
        </testcase>
        <testcase classname="src/app/components/__tests__/components.test.tsx" name="Topic filters &gt; applies ontology filters to URL" time="0.012260459">
        </testcase>
        <testcase classname="src/app/components/__tests__/components.test.tsx" name="TopicsBrowser &gt; renders fetched topics and pagination" time="0.017609542">
        </testcase>
        <testcase classname="src/app/components/__tests__/components.test.tsx" name="Topic discussion controls &gt; toggles filters and argument form" time="0.008073041">
        </testcase>
        <testcase classname="src/app/components/__tests__/components.test.tsx" name="Header &gt; shows initials when no image provided" time="0.003276167">
        </testcase>
        <testcase classname="src/app/components/__tests__/components.test.tsx" name="ProfileHoverCard &gt; renders stats and quote" time="0.001996167">
        </testcase>
        <testcase classname="src/app/components/__tests__/components.test.tsx" name="SummaryColumnCard &gt; shows AI generated badge and discuss link" time="0.004348542">
        </testcase>
        <testcase classname="src/app/components/__tests__/components.test.tsx" name="Topic primitives &gt; renders fact card with source link" time="0.0030705">
        </testcase>
        <testcase classname="src/app/components/__tests__/components.test.tsx" name="Topic primitives &gt; renders topic card stats" time="0.002298291">
        </testcase>
        <testcase classname="src/app/components/__tests__/components.test.tsx" name="CreateNewTopic &gt; opens form and submits new topic" time="0.01598325">
        </testcase>
        <testcase classname="src/app/components/__tests__/components.test.tsx" name="OntologyCategoryPicker &gt; adds and removes categories from selection" time="0.009396667">
        </testcase>
    </testsuite>
    <testsuite name="src/app/api/__tests__/apiRoutes.test.ts" timestamp="2025-12-23T14:30:23.740Z" hostname="Daniels-MacBook-Air.local" tests="41" failures="0" errors="0" skipped="0" time="0.072517792">
        <testcase classname="src/app/api/__tests__/apiRoutes.test.ts" name="POST /api/argument &gt; rejects unauthenticated requests" time="0.009154959">
        </testcase>
        <testcase classname="src/app/api/__tests__/apiRoutes.test.ts" name="POST /api/argument &gt; validates required payload fields" time="0.001265625">
        </testcase>
        <testcase classname="src/app/api/__tests__/apiRoutes.test.ts" name="POST /api/argument &gt; rejects invalid stance" time="0.000742667">
        </testcase>
        <testcase classname="src/app/api/__tests__/apiRoutes.test.ts" name="POST /api/argument &gt; creates an argument and schedules background work" time="0.003157417">
        </testcase>
        <testcase classname="src/app/api/__tests__/apiRoutes.test.ts" name="POST /api/argument &gt; handles cast errors from persistence layer" time="0.0019145">
            <system-err>
Create argument error { name: &apos;CastError&apos; }

            </system-err>
        </testcase>
        <testcase classname="src/app/api/__tests__/apiRoutes.test.ts" name="POST /api/comment &gt; validates payload" time="0.001056834">
        </testcase>
        <testcase classname="src/app/api/__tests__/apiRoutes.test.ts" name="POST /api/comment &gt; creates a comment" time="0.001326583">
        </testcase>
        <testcase classname="src/app/api/__tests__/apiRoutes.test.ts" name="GET /api/topics &gt; returns paginated topics" time="0.001904542">
        </testcase>
        <testcase classname="src/app/api/__tests__/apiRoutes.test.ts" name="POST /api/topics &gt; requires authentication" time="0.0007915">
        </testcase>
        <testcase classname="src/app/api/__tests__/apiRoutes.test.ts" name="POST /api/topics &gt; creates a topic and queues classification" time="0.001063834">
        </testcase>
        <testcase classname="src/app/api/__tests__/apiRoutes.test.ts" name="GET /api/top-topics &gt; returns aggregated topics" time="0.000759417">
        </testcase>
        <testcase classname="src/app/api/__tests__/apiRoutes.test.ts" name="POST /api/vote &gt; validates payload" time="0.001265125">
        </testcase>
        <testcase classname="src/app/api/__tests__/apiRoutes.test.ts" name="POST /api/vote &gt; rejects unauthenticated users" time="0.001022333">
        </testcase>
        <testcase classname="src/app/api/__tests__/apiRoutes.test.ts" name="POST /api/vote &gt; returns 404 when user is missing" time="0.000893541">
        </testcase>
        <testcase classname="src/app/api/__tests__/apiRoutes.test.ts" name="POST /api/vote &gt; records a vote and updates counts" time="0.00124375">
        </testcase>
        <testcase classname="src/app/api/__tests__/apiRoutes.test.ts" name="POST /api/vote &gt; updates comment vote counts" time="0.001294542">
        </testcase>
        <testcase classname="src/app/api/__tests__/apiRoutes.test.ts" name="GET /api/auth &gt; returns an existing user" time="0.001313">
        </testcase>
        <testcase classname="src/app/api/__tests__/apiRoutes.test.ts" name="GET /api/auth &gt; rejects missing identifiers" time="0.000975042">
        </testcase>
        <testcase classname="src/app/api/__tests__/apiRoutes.test.ts" name="GET /api/auth &gt; handles phone-based lookup" time="0.002568667">
        </testcase>
        <testcase classname="src/app/api/__tests__/apiRoutes.test.ts" name="GET /api/auth &gt; creates a user when missing" time="0.001210667">
        </testcase>
        <testcase classname="src/app/api/__tests__/apiRoutes.test.ts" name="POST /api/auth/login &gt; validates email" time="0.000996958">
        </testcase>
        <testcase classname="src/app/api/__tests__/apiRoutes.test.ts" name="POST /api/auth/login &gt; logs successful request and updates history" time="0.003216083">
        </testcase>
        <testcase classname="src/app/api/__tests__/apiRoutes.test.ts" name="GET /api/auth/profile &gt; returns static profile message" time="0.001348375">
        </testcase>
        <testcase classname="src/app/api/__tests__/apiRoutes.test.ts" name="GET /api/auth/user-by-email &gt; requires email" time="0.001143958">
        </testcase>
        <testcase classname="src/app/api/__tests__/apiRoutes.test.ts" name="GET /api/auth/user-by-email &gt; returns id when found" time="0.00332475">
        </testcase>
        <testcase classname="src/app/api/__tests__/apiRoutes.test.ts" name="GET /api/ontology/categories &gt; filters by search term" time="0.001470542">
        </testcase>
        <testcase classname="src/app/api/__tests__/apiRoutes.test.ts" name="GET /api/ontology/categories &gt; filters by ids" time="0.0010435">
        </testcase>
        <testcase classname="src/app/api/__tests__/apiRoutes.test.ts" name="GET /api/profile/[userId] &gt; rejects invalid id" time="0.006390042">
        </testcase>
        <testcase classname="src/app/api/__tests__/apiRoutes.test.ts" name="GET /api/profile/[userId] &gt; returns profile data" time="0.001671042">
        </testcase>
        <testcase classname="src/app/api/__tests__/apiRoutes.test.ts" name="GET /api/topics/[id] &gt; validates id" time="0.001289166">
        </testcase>
        <testcase classname="src/app/api/__tests__/apiRoutes.test.ts" name="GET /api/topics/[id] &gt; returns topic details with comments and facts" time="0.001747083">
        </testcase>
        <testcase classname="src/app/api/__tests__/apiRoutes.test.ts" name="GET /api/topics/[id]/facts &gt; rejects bad id" time="0.00085675">
        </testcase>
        <testcase classname="src/app/api/__tests__/apiRoutes.test.ts" name="GET /api/topics/[id]/facts &gt; returns facts list" time="0.001006167">
        </testcase>
        <testcase classname="src/app/api/__tests__/apiRoutes.test.ts" name="GET /api/topics/[id]/summary &gt; returns summary" time="0.001519">
        </testcase>
        <testcase classname="src/app/api/__tests__/apiRoutes.test.ts" name="POST /api/user/update &gt; requires auth" time="0.002343292">
        </testcase>
        <testcase classname="src/app/api/__tests__/apiRoutes.test.ts" name="POST /api/user/update &gt; applies allowed updates" time="0.001155958">
        </testcase>
        <testcase classname="src/app/api/__tests__/apiRoutes.test.ts" name="POST /api/user/[id] &gt; requires auth" time="0.001143375">
        </testcase>
        <testcase classname="src/app/api/__tests__/apiRoutes.test.ts" name="POST /api/user/[id] &gt; updates allowed fields" time="0.001256291">
        </testcase>
        <testcase classname="src/app/api/__tests__/apiRoutes.test.ts" name="auth [...nextauth] config &gt; authorizes new user with consent" time="0.000848209">
        </testcase>
        <testcase classname="src/app/api/__tests__/apiRoutes.test.ts" name="auth [...nextauth] config &gt; rejects without consent" time="0.000940042">
        </testcase>
        <testcase classname="src/app/api/__tests__/apiRoutes.test.ts" name="auth [...nextauth] config &gt; creates missing user on signIn callback" time="0.000757208">
        </testcase>
    </testsuite>
    <testsuite name="src/app/api/__tests__/authRoutes.test.ts" timestamp="2025-12-23T14:30:23.742Z" hostname="Daniels-MacBook-Air.local" tests="14" failures="0" errors="0" skipped="0" time="0.008525292">
        <testcase classname="src/app/api/__tests__/authRoutes.test.ts" name="register &gt; rejects missing fields" time="0.001076958">
        </testcase>
        <testcase classname="src/app/api/__tests__/authRoutes.test.ts" name="register &gt; rejects invalid email" time="0.000465792">
        </testcase>
        <testcase classname="src/app/api/__tests__/authRoutes.test.ts" name="register &gt; blocks duplicate emails" time="0.000994417">
        </testcase>
        <testcase classname="src/app/api/__tests__/authRoutes.test.ts" name="register &gt; creates user and sends welcome email" time="0.0019465">
        </testcase>
        <testcase classname="src/app/api/__tests__/authRoutes.test.ts" name="forgot password &gt; requires an email" time="0.00078725">
        </testcase>
        <testcase classname="src/app/api/__tests__/authRoutes.test.ts" name="forgot password &gt; returns 404 when user is missing" time="0.000161625">
        </testcase>
        <testcase classname="src/app/api/__tests__/authRoutes.test.ts" name="forgot password &gt; creates reset code and emails link" time="0.000486209">
        </testcase>
        <testcase classname="src/app/api/__tests__/authRoutes.test.ts" name="reset password &gt; requires token and password" time="0.000294125">
        </testcase>
        <testcase classname="src/app/api/__tests__/authRoutes.test.ts" name="reset password &gt; rejects unknown token" time="0.000161334">
        </testcase>
        <testcase classname="src/app/api/__tests__/authRoutes.test.ts" name="reset password &gt; rejects expired token" time="0.000170709">
        </testcase>
        <testcase classname="src/app/api/__tests__/authRoutes.test.ts" name="reset password &gt; updates password and marks token used" time="0.000437541">
        </testcase>
        <testcase classname="src/app/api/__tests__/authRoutes.test.ts" name="user by email &gt; validates input" time="0.00023525">
        </testcase>
        <testcase classname="src/app/api/__tests__/authRoutes.test.ts" name="user by email &gt; returns 404 when missing" time="0.000118667">
        </testcase>
        <testcase classname="src/app/api/__tests__/authRoutes.test.ts" name="user by email &gt; returns user when found" time="0.000269042">
        </testcase>
    </testsuite>
</testsuites>
